[master 319c8804] Ansible Commit @ 2024-07-18 15:51:010
 1 file changed, 0 insertions(+), 0 deletions(-)
 create mode 100644 Git/git_operations.log
To github.com:khaleel-git/DevOPS.git
   3157d847..319c8804  master -> master
branch 'master' set up to track 'origin/master'.
[master 24d0b488] Ansible Commit @ 2024-07-18 15:54:010
 1 file changed, 6 insertions(+)
To github.com:khaleel-git/DevOPS.git
   319c8804..24d0b488  master -> master
branch 'master' set up to track 'origin/master'.
[master 727ab455] Ansible Commit @ 2024-07-18 15:55:010
 1 file changed, 5 insertions(+)
To github.com:khaleel-git/DevOPS.git
   24d0b488..727ab455  master -> master
branch 'master' set up to track 'origin/master'.
[master 7def2ac9] Ansible Commit @ 2024-07-18 15:56:010
 1 file changed, 5 insertions(+)
To github.com:khaleel-git/DevOPS.git
   727ab455..7def2ac9  master -> master
branch 'master' set up to track 'origin/master'.
[master a3215f1b] Ansible Commit @ 2024-07-18 15:57:010
 1 file changed, 5 insertions(+)
To github.com:khaleel-git/DevOPS.git
   7def2ac9..a3215f1b  master -> master
branch 'master' set up to track 'origin/master'.
[master 5ac3667b] Ansible Commit @ 2024-07-18 15:58:010
 1 file changed, 5 insertions(+)
To github.com:khaleel-git/DevOPS.git
   a3215f1b..5ac3667b  master -> master
branch 'master' set up to track 'origin/master'.
