[master b615ad8] 2024-06-24 15:00:01
 3 files changed, 2 insertions(+), 27 deletions(-)
 delete mode 100644 .git_push.sh.swp
To github.com:khaleel-git/DevOPS.git
   541a3f2..b615ad8  master -> master
branch 'master' set up to track 'origin/master'.
[master 6806d82] 2024-06-24 15:01:01
 1 file changed, 6 insertions(+)
To github.com:khaleel-git/DevOPS.git
   b615ad8..6806d82  master -> master
branch 'master' set up to track 'origin/master'.
[master 9bfb022] 2024-06-24 15:02:01
 1 file changed, 5 insertions(+)
To github.com:khaleel-git/DevOPS.git
   6806d82..9bfb022  master -> master
branch 'master' set up to track 'origin/master'.
[master 3ac4f38] 2024-06-24 15:03:01
 1 file changed, 5 insertions(+)
To github.com:khaleel-git/DevOPS.git
   9bfb022..3ac4f38  master -> master
branch 'master' set up to track 'origin/master'.
[master 8369670] 2024-06-24 15:04:01
 1 file changed, 5 insertions(+)
To github.com:khaleel-git/DevOPS.git
   3ac4f38..8369670  master -> master
branch 'master' set up to track 'origin/master'.
[master 736012c] 2024-06-24 15:05:01
 1 file changed, 5 insertions(+)
To github.com:khaleel-git/DevOPS.git
   8369670..736012c  master -> master
branch 'master' set up to track 'origin/master'.
[master 793b4b7] 2024-06-24 15:06:01
 1 file changed, 5 insertions(+)
To github.com:khaleel-git/DevOPS.git
   736012c..793b4b7  master -> master
branch 'master' set up to track 'origin/master'.
[master e74b34c] 2024-06-24 15:07:01
 1 file changed, 5 insertions(+)
To github.com:khaleel-git/DevOPS.git
   793b4b7..e74b34c  master -> master
branch 'master' set up to track 'origin/master'.
[master e89c5bc] 2024-06-24 15:08:01
 1 file changed, 5 insertions(+)
To github.com:khaleel-git/DevOPS.git
   e74b34c..e89c5bc  master -> master
branch 'master' set up to track 'origin/master'.
[master 2879927] 2024-06-24 15:09:01
 1 file changed, 5 insertions(+)
To github.com:khaleel-git/DevOPS.git
   e89c5bc..2879927  master -> master
branch 'master' set up to track 'origin/master'.
